
> gtclicks@0.1.0 build
> next build

   Ôû▓ Next.js 16.0.10 (Turbopack)
   - Environments: .env
   - Experiments (use with caution):
     ┬À optimizePackageImports

   Creating an optimized production build ...
node.exe : 
No C:\nvm4w\nodejs\npm.ps1:29 
caractere:3
+   & $NODE_EXE $NPM_CLI_JS 
$args
+   
~~~~~~~~~~~~~~~~~~~~~~~~~~~~~
    + CategoryInfo          : 
    NotSpecified: (:String)   
  [], RemoteException
    + FullyQualifiedErrorId : 
    NativeCommandError
 
> Build error occurred
Error: Turbopack build failed 
with 1 errors:
./app/api/fotografos/saques/ro
ute.js:25:5
Parsing ecmascript source 
code failed
[0m [90m 23 |[39m     }
 [90m 24 |[39m
[31m[1m>[22m[39m[90m 25 
|[39m     [36mimport[39m { 
getConfigNumber[33m,[39m 
[33mCONFIG_KEYS[39m } 
[36mfrom[39m [32m"@/lib/con
fig"[39m[33m;[39m
 [90m    |[39m     [31m[1m
^[22m[39m[31m[1m^[22m[39
m[31m[1m^[22m[39m[31m[1m
^[22m[39m[31m[1m^[22m[39
m[31m[1m^[22m[39m
 [90m 26 |[39m
 [90m 27 |[39m     [90m// 
... inside POST ...[39m
 [90m 28 |[39m[0m

'import', and 'export' cannot 
be used outside of module code


    at <unknown> (./app/api/fo
tografos/saques/route.js:25:5)
